e:\mycode\emulators\chip8\build\components\instructions\debug\instructions.pdb
e:\mycode\emulators\chip8\build\components\instructions\instructions.dir\debug\instruction_axxx.obj
e:\mycode\emulators\chip8\build\components\instructions\instructions.dir\debug\instruction_9xxx.obj
e:\mycode\emulators\chip8\build\components\instructions\instructions.dir\debug\instruction_8xxx.obj
e:\mycode\emulators\chip8\build\components\instructions\instructions.dir\debug\instruction_7xxx.obj
e:\mycode\emulators\chip8\build\components\instructions\instructions.dir\debug\instruction_6xxx.obj
e:\mycode\emulators\chip8\build\components\instructions\instructions.dir\debug\instruction_5xxx.obj
e:\mycode\emulators\chip8\build\components\instructions\instructions.dir\debug\instruction_4xxx.obj
e:\mycode\emulators\chip8\build\components\instructions\instructions.dir\debug\instruction_3xxx.obj
e:\mycode\emulators\chip8\build\components\instructions\instructions.dir\debug\instruction_2xxx.obj
e:\mycode\emulators\chip8\build\components\instructions\instructions.dir\debug\instruction_1xxx.obj
e:\mycode\emulators\chip8\build\components\instructions\instructions.dir\debug\instruction_0xxx.obj
e:\mycode\emulators\chip8\build\components\instructions\instructions.dir\debug\instructions.obj
e:\mycode\emulators\chip8\build\components\instructions\cmakefiles\generate.stamp
e:\mycode\emulators\chip8\build\components\instructions\debug\instructions.lib
e:\mycode\emulators\chip8\build\components\instructions\instructions.dir\debug\instructions.tlog\cl.command.1.tlog
e:\mycode\emulators\chip8\build\components\instructions\instructions.dir\debug\instructions.tlog\cl.read.1.tlog
e:\mycode\emulators\chip8\build\components\instructions\instructions.dir\debug\instructions.tlog\cl.write.1.tlog
e:\mycode\emulators\chip8\build\components\instructions\instructions.dir\debug\instructions.tlog\custombuild.command.1.tlog
e:\mycode\emulators\chip8\build\components\instructions\instructions.dir\debug\instructions.tlog\custombuild.read.1.tlog
e:\mycode\emulators\chip8\build\components\instructions\instructions.dir\debug\instructions.tlog\custombuild.write.1.tlog
e:\mycode\emulators\chip8\build\components\instructions\instructions.dir\debug\instructions.tlog\lib-link.read.1.tlog
e:\mycode\emulators\chip8\build\components\instructions\instructions.dir\debug\instructions.tlog\lib-link.write.1.tlog
e:\mycode\emulators\chip8\build\components\instructions\instructions.dir\debug\instructions.tlog\lib.command.1.tlog
